android/app/build/intermediates/manifest_merge_blame_file/release/manifest-merger-blame-release-report.txt
1<?xml version="1.0" encoding="utf-8"?>
2<manifest xmlns:android="http://schemas.android.com/apk/res/android"
3    package="com.example.ambulantcollector"
4    android:versionCode="1"
5    android:versionName="1.0" >
6
7    <uses-sdk
8        android:minSdkVersion="23"
8-->src\main\AndroidManifest.xml
9        android:targetSdkVersion="33" />
9-->src\main\AndroidManifest.xml
10    <!--
11         Required to query activities that can process text, see:
12         https://developer.android.com/training/package-visibility and
13         https://developer.android.com/reference/android/content/Intent#ACTION_PROCESS_TEXT.
14
15         In particular, this is used by the Flutter engine in io.flutter.plugin.text.ProcessTextPlugin.
16    -->
17    <queries>
17-->src\main\AndroidManifest.xml:39:5-44:15
18        <intent>
18-->src\main\AndroidManifest.xml:40:9-43:18
19            <action android:name="android.intent.action.PROCESS_TEXT" />
19-->src\main\AndroidManifest.xml:41:13-72
19-->src\main\AndroidManifest.xml:41:21-70
20
21            <data android:mimeType="text/plain" />
21-->src\main\AndroidManifest.xml:42:13-50
21-->src\main\AndroidManifest.xml:42:19-48
22        </intent>
23        <intent>
23-->[:file_picker] AndroidManifest.xml:12:9-16:18
24            <action android:name="android.intent.action.GET_CONTENT" />
24-->[:file_picker] AndroidManifest.xml:13:13-72
24-->[:file_picker] AndroidManifest.xml:13:21-69
25
26            <data android:mimeType="*/*" />
26-->src\main\AndroidManifest.xml:42:13-50
26-->src\main\AndroidManifest.xml:42:19-48
27        </intent>
28    </queries>
29
30    <uses-permission android:name="android.permission.READ_EXTERNAL_STORAGE" />
30-->[:file_picker] AndroidManifest.xml:9:5-80
30-->[:file_picker] AndroidManifest.xml:9:22-77
31    <uses-permission android:name="android.permission.INTERNET" />
31-->[com.google.firebase:firebase-auth:23.0.0] AndroidManifest.xml:25:5-67
31-->[com.google.firebase:firebase-auth:23.0.0] AndroidManifest.xml:25:22-64
32    <uses-permission android:name="android.permission.ACCESS_NETWORK_STATE" />
32-->[com.google.firebase:firebase-auth:23.0.0] AndroidManifest.xml:26:5-79
32-->[com.google.firebase:firebase-auth:23.0.0] AndroidManifest.xml:26:22-76
33    <uses-permission android:name="com.google.android.providers.gsf.permission.READ_GSERVICES" />
33-->[com.google.android.recaptcha:recaptcha:18.4.0] AndroidManifest.xml:9:5-98
33-->[com.google.android.recaptcha:recaptcha:18.4.0] AndroidManifest.xml:9:22-95
34
35    <permission
35-->[androidx.core:core:1.13.1] AndroidManifest.xml:22:5-24:47
36        android:name="com.example.ambulantcollector.DYNAMIC_RECEIVER_NOT_EXPORTED_PERMISSION"
36-->[androidx.core:core:1.13.1] AndroidManifest.xml:23:9-81
37        android:protectionLevel="signature" />
37-->[androidx.core:core:1.13.1] AndroidManifest.xml:24:9-44
38
39    <uses-permission android:name="com.example.ambulantcollector.DYNAMIC_RECEIVER_NOT_EXPORTED_PERMISSION" />
39-->[androidx.core:core:1.13.1] AndroidManifest.xml:26:5-97
39-->[androidx.core:core:1.13.1] AndroidManifest.xml:26:22-94
40
41    <application
42        android:name="android.app.Application"
42-->src\main\AndroidManifest.xml:4:9-42
43        android:appComponentFactory="androidx.core.app.CoreComponentFactory"
43-->[androidx.core:core:1.13.1] AndroidManifest.xml:28:18-86
44        android:extractNativeLibs="false"
45        android:icon="@mipmap/ic_launcher"
45-->src\main\AndroidManifest.xml:5:9-43
46        android:label="ambulantcollector" >
46-->src\main\AndroidManifest.xml:3:9-42
47        <activity
47-->src\main\AndroidManifest.xml:6:9-27:20
48            android:name="com.example.ambulantcollector.MainActivity"
48-->src\main\AndroidManifest.xml:7:13-41
49            android:configChanges="orientation|keyboardHidden|keyboard|screenSize|smallestScreenSize|locale|layoutDirection|fontScale|screenLayout|density|uiMode"
49-->src\main\AndroidManifest.xml:12:13-163
50            android:exported="true"
50-->src\main\AndroidManifest.xml:8:13-36
51            android:hardwareAccelerated="true"
51-->src\main\AndroidManifest.xml:13:13-47
52            android:launchMode="singleTop"
52-->src\main\AndroidManifest.xml:9:13-43
53            android:taskAffinity=""
53-->src\main\AndroidManifest.xml:10:13-36
54            android:theme="@style/LaunchTheme"
54-->src\main\AndroidManifest.xml:11:13-47
55            android:windowSoftInputMode="adjustResize" >
55-->src\main\AndroidManifest.xml:14:13-55
56
57            <!--
58                 Specifies an Android theme to apply to this Activity as soon as
59                 the Android process has started. This theme is visible to the user
60                 while the Flutter UI initializes. After that, this theme continues
61                 to determine the Window background behind the Flutter UI.
62            -->
63            <meta-data
63-->src\main\AndroidManifest.xml:19:13-22:17
64                android:name="io.flutter.embedding.android.NormalTheme"
64-->src\main\AndroidManifest.xml:20:15-70
65                android:resource="@style/NormalTheme" />
65-->src\main\AndroidManifest.xml:21:15-52
66
67            <intent-filter>
67-->src\main\AndroidManifest.xml:23:13-26:29
68                <action android:name="android.intent.action.MAIN" />
68-->src\main\AndroidManifest.xml:24:17-68
68-->src\main\AndroidManifest.xml:24:25-66
69
70                <category android:name="android.intent.category.LAUNCHER" />
70-->src\main\AndroidManifest.xml:25:17-76
70-->src\main\AndroidManifest.xml:25:27-74
71            </intent-filter>
72        </activity>
73        <!--
74             Don't delete the meta-data below.
75             This is used by the Flutter tool to generate GeneratedPluginRegistrant.java
76        -->
77        <meta-data
77-->src\main\AndroidManifest.xml:30:9-32:33
78            android:name="flutterEmbedding"
78-->src\main\AndroidManifest.xml:31:13-44
79            android:value="2" />
79-->src\main\AndroidManifest.xml:32:13-30
80
81        <service
81-->[:cloud_firestore] AndroidManifest.xml:10:9-14:19
82            android:name="com.google.firebase.components.ComponentDiscoveryService"
82-->[:cloud_firestore] AndroidManifest.xml:10:18-89
83            android:directBootAware="true"
83-->[com.google.firebase:firebase-common:21.0.0] AndroidManifest.xml:32:13-43
84            android:exported="false" >
84-->[com.google.firebase:firebase-auth:23.0.0] AndroidManifest.xml:68:13-37
85            <meta-data
85-->[:cloud_firestore] AndroidManifest.xml:11:13-13:85
86                android:name="com.google.firebase.components:io.flutter.plugins.firebase.firestore.FlutterFirebaseFirestoreRegistrar"
86-->[:cloud_firestore] AndroidManifest.xml:12:17-134
87                android:value="com.google.firebase.components.ComponentRegistrar" />
87-->[:cloud_firestore] AndroidManifest.xml:13:17-82
88            <meta-data
88-->[:firebase_auth] AndroidManifest.xml:11:13-13:85
89                android:name="com.google.firebase.components:io.flutter.plugins.firebase.auth.FlutterFirebaseAuthRegistrar"
89-->[:firebase_auth] AndroidManifest.xml:12:17-124
90                android:value="com.google.firebase.components.ComponentRegistrar" />
90-->[:firebase_auth] AndroidManifest.xml:13:17-82
91            <meta-data
91-->[:firebase_storage] AndroidManifest.xml:11:13-13:85
92                android:name="com.google.firebase.components:io.flutter.plugins.firebase.storage.FlutterFirebaseAppRegistrar"
92-->[:firebase_storage] AndroidManifest.xml:12:17-126
93                android:value="com.google.firebase.components.ComponentRegistrar" />
93-->[:firebase_storage] AndroidManifest.xml:13:17-82
94            <meta-data
94-->[:firebase_core] AndroidManifest.xml:11:13-13:85
95                android:name="com.google.firebase.components:io.flutter.plugins.firebase.core.FlutterFirebaseCoreRegistrar"
95-->[:firebase_core] AndroidManifest.xml:12:17-124
96                android:value="com.google.firebase.components.ComponentRegistrar" />
96-->[:firebase_core] AndroidManifest.xml:13:17-82
97            <meta-data
97-->[com.google.firebase:firebase-auth:23.0.0] AndroidManifest.xml:69:13-71:85
98                android:name="com.google.firebase.components:com.google.firebase.auth.FirebaseAuthRegistrar"
98-->[com.google.firebase:firebase-auth:23.0.0] AndroidManifest.xml:70:17-109
99                android:value="com.google.firebase.components.ComponentRegistrar" />
99-->[com.google.firebase:firebase-auth:23.0.0] AndroidManifest.xml:71:17-82
100            <meta-data
100-->[com.google.firebase:firebase-firestore:25.0.0] AndroidManifest.xml:17:13-19:85
101                android:name="com.google.firebase.components:com.google.firebase.firestore.FirebaseFirestoreKtxRegistrar"
101-->[com.google.firebase:firebase-firestore:25.0.0] AndroidManifest.xml:18:17-122
102                android:value="com.google.firebase.components.ComponentRegistrar" />
102-->[com.google.firebase:firebase-firestore:25.0.0] AndroidManifest.xml:19:17-82
103            <meta-data
103-->[com.google.firebase:firebase-firestore:25.0.0] AndroidManifest.xml:20:13-22:85
104                android:name="com.google.firebase.components:com.google.firebase.firestore.FirestoreRegistrar"
104-->[com.google.firebase:firebase-firestore:25.0.0] AndroidManifest.xml:21:17-111
105                android:value="com.google.firebase.components.ComponentRegistrar" />
105-->[com.google.firebase:firebase-firestore:25.0.0] AndroidManifest.xml:22:17-82
106            <meta-data
106-->[com.google.firebase:firebase-storage:21.0.0] AndroidManifest.xml:30:13-32:85
107                android:name="com.google.firebase.components:com.google.firebase.storage.FirebaseStorageKtxRegistrar"
107-->[com.google.firebase:firebase-storage:21.0.0] AndroidManifest.xml:31:17-118
108                android:value="com.google.firebase.components.ComponentRegistrar" />
108-->[com.google.firebase:firebase-storage:21.0.0] AndroidManifest.xml:32:17-82
109            <meta-data
109-->[com.google.firebase:firebase-storage:21.0.0] AndroidManifest.xml:33:13-35:85
110                android:name="com.google.firebase.components:com.google.firebase.storage.StorageRegistrar"
110-->[com.google.firebase:firebase-storage:21.0.0] AndroidManifest.xml:34:17-107
111                android:value="com.google.firebase.components.ComponentRegistrar" />
111-->[com.google.firebase:firebase-storage:21.0.0] AndroidManifest.xml:35:17-82
112            <meta-data
112-->[com.google.firebase:firebase-appcheck:18.0.0] AndroidManifest.xml:25:13-27:85
113                android:name="com.google.firebase.components:com.google.firebase.appcheck.FirebaseAppCheckKtxRegistrar"
113-->[com.google.firebase:firebase-appcheck:18.0.0] AndroidManifest.xml:26:17-120
114                android:value="com.google.firebase.components.ComponentRegistrar" />
114-->[com.google.firebase:firebase-appcheck:18.0.0] AndroidManifest.xml:27:17-82
115            <meta-data
115-->[com.google.firebase:firebase-appcheck:18.0.0] AndroidManifest.xml:28:13-30:85
116                android:name="com.google.firebase.components:com.google.firebase.appcheck.FirebaseAppCheckRegistrar"
116-->[com.google.firebase:firebase-appcheck:18.0.0] AndroidManifest.xml:29:17-117
117                android:value="com.google.firebase.components.ComponentRegistrar" />
117-->[com.google.firebase:firebase-appcheck:18.0.0] AndroidManifest.xml:30:17-82
118            <meta-data
118-->[com.google.firebase:firebase-common-ktx:21.0.0] AndroidManifest.xml:12:13-14:85
119                android:name="com.google.firebase.components:com.google.firebase.ktx.FirebaseCommonLegacyRegistrar"
119-->[com.google.firebase:firebase-common-ktx:21.0.0] AndroidManifest.xml:13:17-116
120                android:value="com.google.firebase.components.ComponentRegistrar" />
120-->[com.google.firebase:firebase-common-ktx:21.0.0] AndroidManifest.xml:14:17-82
121            <meta-data
121-->[com.google.firebase:firebase-common:21.0.0] AndroidManifest.xml:35:13-37:85
122                android:name="com.google.firebase.components:com.google.firebase.FirebaseCommonKtxRegistrar"
122-->[com.google.firebase:firebase-common:21.0.0] AndroidManifest.xml:36:17-109
123                android:value="com.google.firebase.components.ComponentRegistrar" />
123-->[com.google.firebase:firebase-common:21.0.0] AndroidManifest.xml:37:17-82
124        </service>
125
126        <provider
126-->[:image_picker_android] AndroidManifest.xml:11:9-19:20
127            android:name="io.flutter.plugins.imagepicker.ImagePickerFileProvider"
127-->[:image_picker_android] AndroidManifest.xml:12:13-82
128            android:authorities="com.example.ambulantcollector.flutter.image_provider"
128-->[:image_picker_android] AndroidManifest.xml:13:13-74
129            android:exported="false"
129-->[:image_picker_android] AndroidManifest.xml:14:13-37
130            android:grantUriPermissions="true" >
130-->[:image_picker_android] AndroidManifest.xml:15:13-47
131            <meta-data
131-->[:image_picker_android] AndroidManifest.xml:16:13-18:75
132                android:name="android.support.FILE_PROVIDER_PATHS"
132-->[:image_picker_android] AndroidManifest.xml:17:17-67
133                android:resource="@xml/flutter_image_picker_file_paths" />
133-->[:image_picker_android] AndroidManifest.xml:18:17-72
134        </provider> <!-- Trigger Google Play services to install the backported photo picker module. -->
135        <service
135-->[:image_picker_android] AndroidManifest.xml:21:9-33:19
136            android:name="com.google.android.gms.metadata.ModuleDependencies"
136-->[:image_picker_android] AndroidManifest.xml:22:13-78
137            android:enabled="false"
137-->[:image_picker_android] AndroidManifest.xml:23:13-36
138            android:exported="false" >
138-->[:image_picker_android] AndroidManifest.xml:24:13-37
139            <intent-filter>
139-->[:image_picker_android] AndroidManifest.xml:26:13-28:29
140                <action android:name="com.google.android.gms.metadata.MODULE_DEPENDENCIES" />
140-->[:image_picker_android] AndroidManifest.xml:27:17-94
140-->[:image_picker_android] AndroidManifest.xml:27:25-91
141            </intent-filter>
142
143            <meta-data
143-->[:image_picker_android] AndroidManifest.xml:30:13-32:36
144                android:name="photopicker_activity:0:required"
144-->[:image_picker_android] AndroidManifest.xml:31:17-63
145                android:value="" />
145-->[:image_picker_android] AndroidManifest.xml:32:17-33
146        </service>
147
148        <activity
148-->[com.google.firebase:firebase-auth:23.0.0] AndroidManifest.xml:29:9-46:20
149            android:name="com.google.firebase.auth.internal.GenericIdpActivity"
149-->[com.google.firebase:firebase-auth:23.0.0] AndroidManifest.xml:30:13-80
150            android:excludeFromRecents="true"
150-->[com.google.firebase:firebase-auth:23.0.0] AndroidManifest.xml:31:13-46
151            android:exported="true"
151-->[com.google.firebase:firebase-auth:23.0.0] AndroidManifest.xml:32:13-36
152            android:launchMode="singleTask"
152-->[com.google.firebase:firebase-auth:23.0.0] AndroidManifest.xml:33:13-44
153            android:theme="@android:style/Theme.Translucent.NoTitleBar" >
153-->[com.google.firebase:firebase-auth:23.0.0] AndroidManifest.xml:34:13-72
154            <intent-filter>
154-->[com.google.firebase:firebase-auth:23.0.0] AndroidManifest.xml:35:13-45:29
155                <action android:name="android.intent.action.VIEW" />
155-->[com.google.firebase:firebase-auth:23.0.0] AndroidManifest.xml:36:17-69
155-->[com.google.firebase:firebase-auth:23.0.0] AndroidManifest.xml:36:25-66
156
157                <category android:name="android.intent.category.DEFAULT" />
157-->[com.google.firebase:firebase-auth:23.0.0] AndroidManifest.xml:38:17-76
157-->[com.google.firebase:firebase-auth:23.0.0] AndroidManifest.xml:38:27-73
158                <category android:name="android.intent.category.BROWSABLE" />
158-->[com.google.firebase:firebase-auth:23.0.0] AndroidManifest.xml:39:17-78
158-->[com.google.firebase:firebase-auth:23.0.0] AndroidManifest.xml:39:27-75
159
160                <data
160-->src\main\AndroidManifest.xml:42:13-50
161                    android:host="firebase.auth"
162                    android:path="/"
163                    android:scheme="genericidp" />
164            </intent-filter>
165        </activity>
166        <activity
166-->[com.google.firebase:firebase-auth:23.0.0] AndroidManifest.xml:47:9-64:20
167            android:name="com.google.firebase.auth.internal.RecaptchaActivity"
167-->[com.google.firebase:firebase-auth:23.0.0] AndroidManifest.xml:48:13-79
168            android:excludeFromRecents="true"
168-->[com.google.firebase:firebase-auth:23.0.0] AndroidManifest.xml:49:13-46
169            android:exported="true"
169-->[com.google.firebase:firebase-auth:23.0.0] AndroidManifest.xml:50:13-36
170            android:launchMode="singleTask"
170-->[com.google.firebase:firebase-auth:23.0.0] AndroidManifest.xml:51:13-44
171            android:theme="@android:style/Theme.Translucent.NoTitleBar" >
171-->[com.google.firebase:firebase-auth:23.0.0] AndroidManifest.xml:52:13-72
172            <intent-filter>
172-->[com.google.firebase:firebase-auth:23.0.0] AndroidManifest.xml:53:13-63:29
173                <action android:name="android.intent.action.VIEW" />
173-->[com.google.firebase:firebase-auth:23.0.0] AndroidManifest.xml:36:17-69
173-->[com.google.firebase:firebase-auth:23.0.0] AndroidManifest.xml:36:25-66
174
175                <category android:name="android.intent.category.DEFAULT" />
175-->[com.google.firebase:firebase-auth:23.0.0] AndroidManifest.xml:38:17-76
175-->[com.google.firebase:firebase-auth:23.0.0] AndroidManifest.xml:38:27-73
176                <category android:name="android.intent.category.BROWSABLE" />
176-->[com.google.firebase:firebase-auth:23.0.0] AndroidManifest.xml:39:17-78
176-->[com.google.firebase:firebase-auth:23.0.0] AndroidManifest.xml:39:27-75
177
178                <data
178-->src\main\AndroidManifest.xml:42:13-50
179                    android:host="firebase.auth"
180                    android:path="/"
181                    android:scheme="recaptcha" />
182            </intent-filter>
183        </activity>
184
185        <service
185-->[androidx.credentials:credentials-play-services-auth:1.2.0-rc01] AndroidManifest.xml:24:9-32:19
186            android:name="androidx.credentials.playservices.CredentialProviderMetadataHolder"
186-->[androidx.credentials:credentials-play-services-auth:1.2.0-rc01] AndroidManifest.xml:25:13-94
187            android:enabled="true"
187-->[androidx.credentials:credentials-play-services-auth:1.2.0-rc01] AndroidManifest.xml:26:13-35
188            android:exported="false" >
188-->[androidx.credentials:credentials-play-services-auth:1.2.0-rc01] AndroidManifest.xml:27:13-37
189            <meta-data
189-->[androidx.credentials:credentials-play-services-auth:1.2.0-rc01] AndroidManifest.xml:29:13-31:104
190                android:name="androidx.credentials.CREDENTIAL_PROVIDER_KEY"
190-->[androidx.credentials:credentials-play-services-auth:1.2.0-rc01] AndroidManifest.xml:30:17-76
191                android:value="androidx.credentials.playservices.CredentialProviderPlayServicesImpl" />
191-->[androidx.credentials:credentials-play-services-auth:1.2.0-rc01] AndroidManifest.xml:31:17-101
192        </service>
193
194        <activity
194-->[androidx.credentials:credentials-play-services-auth:1.2.0-rc01] AndroidManifest.xml:34:9-41:20
195            android:name="androidx.credentials.playservices.HiddenActivity"
195-->[androidx.credentials:credentials-play-services-auth:1.2.0-rc01] AndroidManifest.xml:35:13-76
196            android:configChanges="orientation|screenSize|screenLayout|keyboardHidden"
196-->[androidx.credentials:credentials-play-services-auth:1.2.0-rc01] AndroidManifest.xml:36:13-87
197            android:enabled="true"
197-->[androidx.credentials:credentials-play-services-auth:1.2.0-rc01] AndroidManifest.xml:37:13-35
198            android:exported="false"
198-->[androidx.credentials:credentials-play-services-auth:1.2.0-rc01] AndroidManifest.xml:38:13-37
199            android:fitsSystemWindows="true"
199-->[androidx.credentials:credentials-play-services-auth:1.2.0-rc01] AndroidManifest.xml:39:13-45
200            android:theme="@style/Theme.Hidden" >
200-->[androidx.credentials:credentials-play-services-auth:1.2.0-rc01] AndroidManifest.xml:40:13-48
201        </activity>
202
203        <provider
203-->[com.google.firebase:firebase-common:21.0.0] AndroidManifest.xml:23:9-28:39
204            android:name="com.google.firebase.provider.FirebaseInitProvider"
204-->[com.google.firebase:firebase-common:21.0.0] AndroidManifest.xml:24:13-77
205            android:authorities="com.example.ambulantcollector.firebaseinitprovider"
205-->[com.google.firebase:firebase-common:21.0.0] AndroidManifest.xml:25:13-72
206            android:directBootAware="true"
206-->[com.google.firebase:firebase-common:21.0.0] AndroidManifest.xml:26:13-43
207            android:exported="false"
207-->[com.google.firebase:firebase-common:21.0.0] AndroidManifest.xml:27:13-37
208            android:initOrder="100" />
208-->[com.google.firebase:firebase-common:21.0.0] AndroidManifest.xml:28:13-36
209
210        <activity
210-->[com.google.android.gms:play-services-auth:20.7.0] AndroidManifest.xml:23:9-27:75
211            android:name="com.google.android.gms.auth.api.signin.internal.SignInHubActivity"
211-->[com.google.android.gms:play-services-auth:20.7.0] AndroidManifest.xml:24:13-93
212            android:excludeFromRecents="true"
212-->[com.google.android.gms:play-services-auth:20.7.0] AndroidManifest.xml:25:13-46
213            android:exported="false"
213-->[com.google.android.gms:play-services-auth:20.7.0] AndroidManifest.xml:26:13-37
214            android:theme="@android:style/Theme.Translucent.NoTitleBar" />
214-->[com.google.android.gms:play-services-auth:20.7.0] AndroidManifest.xml:27:13-72
215        <!--
216            Service handling Google Sign-In user revocation. For apps that do not integrate with
217            Google Sign-In, this service will never be started.
218        -->
219        <service
219-->[com.google.android.gms:play-services-auth:20.7.0] AndroidManifest.xml:33:9-37:51
220            android:name="com.google.android.gms.auth.api.signin.RevocationBoundService"
220-->[com.google.android.gms:play-services-auth:20.7.0] AndroidManifest.xml:34:13-89
221            android:exported="true"
221-->[com.google.android.gms:play-services-auth:20.7.0] AndroidManifest.xml:35:13-36
222            android:permission="com.google.android.gms.auth.api.signin.permission.REVOCATION_NOTIFICATION"
222-->[com.google.android.gms:play-services-auth:20.7.0] AndroidManifest.xml:36:13-107
223            android:visibleToInstantApps="true" />
223-->[com.google.android.gms:play-services-auth:20.7.0] AndroidManifest.xml:37:13-48
224
225        <uses-library
225-->[androidx.window:window:1.2.0] AndroidManifest.xml:23:9-25:40
226            android:name="androidx.window.extensions"
226-->[androidx.window:window:1.2.0] AndroidManifest.xml:24:13-54
227            android:required="false" />
227-->[androidx.window:window:1.2.0] AndroidManifest.xml:25:13-37
228        <uses-library
228-->[androidx.window:window:1.2.0] AndroidManifest.xml:26:9-28:40
229            android:name="androidx.window.sidecar"
229-->[androidx.window:window:1.2.0] AndroidManifest.xml:27:13-51
230            android:required="false" />
230-->[androidx.window:window:1.2.0] AndroidManifest.xml:28:13-37
231
232        <provider
232-->[androidx.lifecycle:lifecycle-process:2.7.0] AndroidManifest.xml:24:9-32:20
233            android:name="androidx.startup.InitializationProvider"
233-->[androidx.lifecycle:lifecycle-process:2.7.0] AndroidManifest.xml:25:13-67
234            android:authorities="com.example.ambulantcollector.androidx-startup"
234-->[androidx.lifecycle:lifecycle-process:2.7.0] AndroidManifest.xml:26:13-68
235            android:exported="false" >
235-->[androidx.lifecycle:lifecycle-process:2.7.0] AndroidManifest.xml:27:13-37
236            <meta-data
236-->[androidx.lifecycle:lifecycle-process:2.7.0] AndroidManifest.xml:29:13-31:52
237                android:name="androidx.lifecycle.ProcessLifecycleInitializer"
237-->[androidx.lifecycle:lifecycle-process:2.7.0] AndroidManifest.xml:30:17-78
238                android:value="androidx.startup" />
238-->[androidx.lifecycle:lifecycle-process:2.7.0] AndroidManifest.xml:31:17-49
239            <meta-data
239-->[androidx.profileinstaller:profileinstaller:1.3.1] AndroidManifest.xml:29:13-31:52
240                android:name="androidx.profileinstaller.ProfileInstallerInitializer"
240-->[androidx.profileinstaller:profileinstaller:1.3.1] AndroidManifest.xml:30:17-85
241                android:value="androidx.startup" />
241-->[androidx.profileinstaller:profileinstaller:1.3.1] AndroidManifest.xml:31:17-49
242        </provider>
243
244        <activity
244-->[com.google.android.gms:play-services-base:18.1.0] AndroidManifest.xml:20:9-22:45
245            android:name="com.google.android.gms.common.api.GoogleApiActivity"
245-->[com.google.android.gms:play-services-base:18.1.0] AndroidManifest.xml:20:19-85
246            android:exported="false"
246-->[com.google.android.gms:play-services-base:18.1.0] AndroidManifest.xml:22:19-43
247            android:theme="@android:style/Theme.Translucent.NoTitleBar" />
247-->[com.google.android.gms:play-services-base:18.1.0] AndroidManifest.xml:21:19-78
248
249        <meta-data
249-->[com.google.android.gms:play-services-basement:18.3.0] AndroidManifest.xml:21:9-23:69
250            android:name="com.google.android.gms.version"
250-->[com.google.android.gms:play-services-basement:18.3.0] AndroidManifest.xml:22:13-58
251            android:value="@integer/google_play_services_version" />
251-->[com.google.android.gms:play-services-basement:18.3.0] AndroidManifest.xml:23:13-66
252
253        <receiver
253-->[androidx.profileinstaller:profileinstaller:1.3.1] AndroidManifest.xml:34:9-52:20
254            android:name="androidx.profileinstaller.ProfileInstallReceiver"
254-->[androidx.profileinstaller:profileinstaller:1.3.1] AndroidManifest.xml:35:13-76
255            android:directBootAware="false"
255-->[androidx.profileinstaller:profileinstaller:1.3.1] AndroidManifest.xml:36:13-44
256            android:enabled="true"
256-->[androidx.profileinstaller:profileinstaller:1.3.1] AndroidManifest.xml:37:13-35
257            android:exported="true"
257-->[androidx.profileinstaller:profileinstaller:1.3.1] AndroidManifest.xml:38:13-36
258            android:permission="android.permission.DUMP" >
258-->[androidx.profileinstaller:profileinstaller:1.3.1] AndroidManifest.xml:39:13-57
259            <intent-filter>
259-->[androidx.profileinstaller:profileinstaller:1.3.1] AndroidManifest.xml:40:13-42:29
260                <action android:name="androidx.profileinstaller.action.INSTALL_PROFILE" />
260-->[androidx.profileinstaller:profileinstaller:1.3.1] AndroidManifest.xml:41:17-91
260-->[androidx.profileinstaller:profileinstaller:1.3.1] AndroidManifest.xml:41:25-88
261            </intent-filter>
262            <intent-filter>
262-->[androidx.profileinstaller:profileinstaller:1.3.1] AndroidManifest.xml:43:13-45:29
263                <action android:name="androidx.profileinstaller.action.SKIP_FILE" />
263-->[androidx.profileinstaller:profileinstaller:1.3.1] AndroidManifest.xml:44:17-85
263-->[androidx.profileinstaller:profileinstaller:1.3.1] AndroidManifest.xml:44:25-82
264            </intent-filter>
265            <intent-filter>
265-->[androidx.profileinstaller:profileinstaller:1.3.1] AndroidManifest.xml:46:13-48:29
266                <action android:name="androidx.profileinstaller.action.SAVE_PROFILE" />
266-->[androidx.profileinstaller:profileinstaller:1.3.1] AndroidManifest.xml:47:17-88
266-->[androidx.profileinstaller:profileinstaller:1.3.1] AndroidManifest.xml:47:25-85
267            </intent-filter>
268            <intent-filter>
268-->[androidx.profileinstaller:profileinstaller:1.3.1] AndroidManifest.xml:49:13-51:29
269                <action android:name="androidx.profileinstaller.action.BENCHMARK_OPERATION" />
269-->[androidx.profileinstaller:profileinstaller:1.3.1] AndroidManifest.xml:50:17-95
269-->[androidx.profileinstaller:profileinstaller:1.3.1] AndroidManifest.xml:50:25-92
270            </intent-filter>
271        </receiver>
272    </application>
273
274</manifest>